2025/02/20 17:04:17 [error] [exception.CHttpException.404] CHttpException: Unable to resolve the request "comment.php". in C:\xampp\htdocs\yiiblog\framework\web\CWebApplication.php:286
Stack trace:
#0 C:\xampp\htdocs\yiiblog\framework\web\CWebApplication.php(141): CWebApplication->runController('comment.php')
#1 C:\xampp\htdocs\yiiblog\framework\base\CApplication.php(185): CWebApplication->processRequest()
#2 C:\xampp\htdocs\yiiblog\index.php(13): CApplication->run()
#3 {main}
REQUEST_URI=/index.php/comment.php
---
2025/02/20 17:04:33 [error] [exception.CHttpException.404] CHttpException: Unable to resolve the request "post.php". in C:\xampp\htdocs\yiiblog\framework\web\CWebApplication.php:286
Stack trace:
#0 C:\xampp\htdocs\yiiblog\framework\web\CWebApplication.php(141): CWebApplication->runController('post.php')
#1 C:\xampp\htdocs\yiiblog\framework\base\CApplication.php(185): CWebApplication->processRequest()
#2 C:\xampp\htdocs\yiiblog\index.php(13): CApplication->run()
#3 {main}
REQUEST_URI=/index.php/post.php
---
2025/02/20 17:05:24 [error] [exception.CHttpException.404] CHttpException: Unable to resolve the request "create.php". in C:\xampp\htdocs\yiiblog\framework\web\CWebApplication.php:286
Stack trace:
#0 C:\xampp\htdocs\yiiblog\framework\web\CWebApplication.php(141): CWebApplication->runController('create.php')
#1 C:\xampp\htdocs\yiiblog\framework\base\CApplication.php(185): CWebApplication->processRequest()
#2 C:\xampp\htdocs\yiiblog\index.php(13): CApplication->run()
#3 {main}
REQUEST_URI=/index.php/create.php
---
2025/02/20 17:06:32 [error] [exception.CHttpException.404] CHttpException: The system is unable to find the requested action "create.php". in C:\xampp\htdocs\yiiblog\framework\web\CController.php:486
Stack trace:
#0 C:\xampp\htdocs\yiiblog\framework\web\CController.php(270): CController->missingAction('create.php')
#1 C:\xampp\htdocs\yiiblog\framework\web\CWebApplication.php(282): CController->run('create.php')
#2 C:\xampp\htdocs\yiiblog\framework\web\CWebApplication.php(141): CWebApplication->runController('site/create.php')
#3 C:\xampp\htdocs\yiiblog\framework\base\CApplication.php(185): CWebApplication->processRequest()
#4 C:\xampp\htdocs\yiiblog\index.php(13): CApplication->run()
#5 {main}
REQUEST_URI=/index.php/site/create.php
---
2025/02/20 17:06:46 [error] [exception.CHttpException.404] CHttpException: The system is unable to find the requested action "comment.php". in C:\xampp\htdocs\yiiblog\framework\web\CController.php:486
Stack trace:
#0 C:\xampp\htdocs\yiiblog\framework\web\CController.php(270): CController->missingAction('comment.php')
#1 C:\xampp\htdocs\yiiblog\framework\web\CWebApplication.php(282): CController->run('comment.php')
#2 C:\xampp\htdocs\yiiblog\framework\web\CWebApplication.php(141): CWebApplication->runController('site/comment.ph...')
#3 C:\xampp\htdocs\yiiblog\framework\base\CApplication.php(185): CWebApplication->processRequest()
#4 C:\xampp\htdocs\yiiblog\index.php(13): CApplication->run()
#5 {main}
REQUEST_URI=/index.php/site/comment.php
---
2025/02/20 17:08:16 [error] [exception.CException] CException: User and its behaviors do not have a method or closure named "validatePassword". in C:\xampp\htdocs\yiiblog\framework\base\CComponent.php:264
Stack trace:
#0 C:\xampp\htdocs\yiiblog\framework\db\ar\CActiveRecord.php(229): CComponent->__call('validatePasswor...', Array)
#1 C:\xampp\htdocs\yiiblog\protected\components\UserIdentity.php(19): CActiveRecord->__call('validatePasswor...', Array)
#2 C:\xampp\htdocs\yiiblog\protected\models\LoginForm.php(54): UserIdentity->authenticate()
#3 C:\xampp\htdocs\yiiblog\framework\validators\CInlineValidator.php(42): LoginForm->authenticate('password', Array)
#4 C:\xampp\htdocs\yiiblog\framework\validators\CValidator.php(201): CInlineValidator->validateAttribute(Object(LoginForm), 'password')
#5 C:\xampp\htdocs\yiiblog\framework\base\CModel.php(159): CValidator->validate(Object(LoginForm), Array)
#6 C:\xampp\htdocs\yiiblog\protected\controllers\SiteController.php(94): CModel->validate()
#7 C:\xampp\htdocs\yiiblog\framework\web\actions\CInlineAction.php(49): SiteController->actionLogin()
#8 C:\xampp\htdocs\yiiblog\framework\web\CController.php(308): CInlineAction->runWithParams(Array)
#9 C:\xampp\htdocs\yiiblog\framework\web\CController.php(286): CController->runAction(Object(CInlineAction))
#10 C:\xampp\htdocs\yiiblog\framework\web\CController.php(265): CController->runActionWithFilters(Object(CInlineAction), Array)
#11 C:\xampp\htdocs\yiiblog\framework\web\CWebApplication.php(282): CController->run('login')
#12 C:\xampp\htdocs\yiiblog\framework\web\CWebApplication.php(141): CWebApplication->runController('site/login')
#13 C:\xampp\htdocs\yiiblog\framework\base\CApplication.php(185): CWebApplication->processRequest()
#14 C:\xampp\htdocs\yiiblog\index.php(13): CApplication->run()
#15 {main}
REQUEST_URI=/index.php/site/login
HTTP_REFERER=http://localhost:8080/index.php/site/login
---
2025/02/20 17:11:08 [error] [exception.CHttpException.404] CHttpException: The requested page does not exist. in C:\xampp\htdocs\yiiblog\protected\controllers\CommentController.php:157
Stack trace:
#0 C:\xampp\htdocs\yiiblog\protected\controllers\CommentController.php(55): CommentController->loadModel('45')
#1 [internal function]: CommentController->actionView('45')
#2 C:\xampp\htdocs\yiiblog\framework\web\actions\CAction.php(114): ReflectionMethod->invokeArgs(Object(CommentController), Array)
#3 C:\xampp\htdocs\yiiblog\framework\web\actions\CInlineAction.php(47): CAction->runWithParamsInternal(Object(CommentController), Object(ReflectionMethod), Array)
#4 C:\xampp\htdocs\yiiblog\framework\web\CController.php(308): CInlineAction->runWithParams(Array)
#5 C:\xampp\htdocs\yiiblog\framework\web\filters\CFilterChain.php(134): CController->runAction(Object(CInlineAction))
#6 C:\xampp\htdocs\yiiblog\framework\web\filters\CFilter.php(40): CFilterChain->run()
#7 C:\xampp\htdocs\yiiblog\framework\web\CController.php(1148): CFilter->filter(Object(CFilterChain))
#8 C:\xampp\htdocs\yiiblog\framework\web\filters\CInlineFilter.php(58): CController->filterAccessControl(Object(CFilterChain))
#9 C:\xampp\htdocs\yiiblog\framework\web\filters\CFilterChain.php(131): CInlineFilter->filter(Object(CFilterChain))
#10 C:\xampp\htdocs\yiiblog\framework\web\CController.php(291): CFilterChain->run()
#11 C:\xampp\htdocs\yiiblog\framework\web\CController.php(265): CController->runActionWithFilters(Object(CInlineAction), Array)
#12 C:\xampp\htdocs\yiiblog\framework\web\CWebApplication.php(282): CController->run('view')
#13 C:\xampp\htdocs\yiiblog\framework\web\CWebApplication.php(141): CWebApplication->runController('comment/view')
#14 C:\xampp\htdocs\yiiblog\framework\base\CApplication.php(185): CWebApplication->processRequest()
#15 C:\xampp\htdocs\yiiblog\index.php(13): CApplication->run()
#16 {main}
REQUEST_URI=/comment/45
---
2025/02/20 17:14:32 [error] [exception.CHttpException.404] CHttpException: The system is unable to find the requested action "create". in C:\xampp\htdocs\yiiblog\framework\web\CController.php:486
Stack trace:
#0 C:\xampp\htdocs\yiiblog\framework\web\CController.php(270): CController->missingAction('create')
#1 C:\xampp\htdocs\yiiblog\framework\web\CWebApplication.php(282): CController->run('create')
#2 C:\xampp\htdocs\yiiblog\framework\web\CWebApplication.php(141): CWebApplication->runController('site/create')
#3 C:\xampp\htdocs\yiiblog\framework\base\CApplication.php(185): CWebApplication->processRequest()
#4 C:\xampp\htdocs\yiiblog\index.php(13): CApplication->run()
#5 {main}
REQUEST_URI=/yiiblog/index.php/site/create
---
2025/02/20 17:14:43 [error] [exception.CHttpException.404] CHttpException: The system is unable to find the requested action "Comment". in C:\xampp\htdocs\yiiblog\framework\web\CController.php:486
Stack trace:
#0 C:\xampp\htdocs\yiiblog\framework\web\CController.php(270): CController->missingAction('Comment')
#1 C:\xampp\htdocs\yiiblog\framework\web\CWebApplication.php(282): CController->run('Comment')
#2 C:\xampp\htdocs\yiiblog\framework\web\CWebApplication.php(141): CWebApplication->runController('site/Comment')
#3 C:\xampp\htdocs\yiiblog\framework\base\CApplication.php(185): CWebApplication->processRequest()
#4 C:\xampp\htdocs\yiiblog\index.php(13): CApplication->run()
#5 {main}
REQUEST_URI=/yiiblog/index.php/site/Comment
---
2025/02/20 17:14:47 [error] [exception.CHttpException.404] CHttpException: The system is unable to find the requested action "Comment.php". in C:\xampp\htdocs\yiiblog\framework\web\CController.php:486
Stack trace:
#0 C:\xampp\htdocs\yiiblog\framework\web\CController.php(270): CController->missingAction('Comment.php')
#1 C:\xampp\htdocs\yiiblog\framework\web\CWebApplication.php(282): CController->run('Comment.php')
#2 C:\xampp\htdocs\yiiblog\framework\web\CWebApplication.php(141): CWebApplication->runController('site/Comment.ph...')
#3 C:\xampp\htdocs\yiiblog\framework\base\CApplication.php(185): CWebApplication->processRequest()
#4 C:\xampp\htdocs\yiiblog\index.php(13): CApplication->run()
#5 {main}
REQUEST_URI=/yiiblog/index.php/site/Comment.php
---
2025/02/24 16:48:07 [error] [exception.CHttpException.404] CHttpException: The requested page does not exist. in C:\xampp\htdocs\yiiblog\protected\controllers\CommentController.php:157
Stack trace:
#0 C:\xampp\htdocs\yiiblog\protected\controllers\CommentController.php(55): CommentController->loadModel('45')
#1 [internal function]: CommentController->actionView('45')
#2 C:\xampp\htdocs\yiiblog\framework\web\actions\CAction.php(114): ReflectionMethod->invokeArgs(Object(CommentController), Array)
#3 C:\xampp\htdocs\yiiblog\framework\web\actions\CInlineAction.php(47): CAction->runWithParamsInternal(Object(CommentController), Object(ReflectionMethod), Array)
#4 C:\xampp\htdocs\yiiblog\framework\web\CController.php(308): CInlineAction->runWithParams(Array)
#5 C:\xampp\htdocs\yiiblog\framework\web\filters\CFilterChain.php(134): CController->runAction(Object(CInlineAction))
#6 C:\xampp\htdocs\yiiblog\framework\web\filters\CFilter.php(40): CFilterChain->run()
#7 C:\xampp\htdocs\yiiblog\framework\web\CController.php(1148): CFilter->filter(Object(CFilterChain))
#8 C:\xampp\htdocs\yiiblog\framework\web\filters\CInlineFilter.php(58): CController->filterAccessControl(Object(CFilterChain))
#9 C:\xampp\htdocs\yiiblog\framework\web\filters\CFilterChain.php(131): CInlineFilter->filter(Object(CFilterChain))
#10 C:\xampp\htdocs\yiiblog\framework\web\CController.php(291): CFilterChain->run()
#11 C:\xampp\htdocs\yiiblog\framework\web\CController.php(265): CController->runActionWithFilters(Object(CInlineAction), Array)
#12 C:\xampp\htdocs\yiiblog\framework\web\CWebApplication.php(282): CController->run('view')
#13 C:\xampp\htdocs\yiiblog\framework\web\CWebApplication.php(141): CWebApplication->runController('comment/view')
#14 C:\xampp\htdocs\yiiblog\framework\base\CApplication.php(185): CWebApplication->processRequest()
#15 C:\xampp\htdocs\yiiblog\index.php(13): CApplication->run()
#16 {main}
REQUEST_URI=/comment/45
---
2025/02/24 16:48:20 [error] [exception.CHttpException.403] CHttpException: You are not authorized to perform this action. in C:\xampp\htdocs\yiiblog\framework\web\auth\CAccessControlFilter.php:183
Stack trace:
#0 C:\xampp\htdocs\yiiblog\framework\web\auth\CAccessControlFilter.php(145): CAccessControlFilter->accessDenied(Object(CWebUser), 'You are not aut...')
#1 C:\xampp\htdocs\yiiblog\framework\web\filters\CFilter.php(38): CAccessControlFilter->preFilter(Object(CFilterChain))
#2 C:\xampp\htdocs\yiiblog\framework\web\CController.php(1148): CFilter->filter(Object(CFilterChain))
#3 C:\xampp\htdocs\yiiblog\framework\web\filters\CInlineFilter.php(58): CController->filterAccessControl(Object(CFilterChain))
#4 C:\xampp\htdocs\yiiblog\framework\web\filters\CFilterChain.php(131): CInlineFilter->filter(Object(CFilterChain))
#5 C:\xampp\htdocs\yiiblog\framework\web\CController.php(291): CFilterChain->run()
#6 C:\xampp\htdocs\yiiblog\framework\web\CController.php(265): CController->runActionWithFilters(Object(CInlineAction), Array)
#7 C:\xampp\htdocs\yiiblog\framework\web\CWebApplication.php(282): CController->run('admin')
#8 C:\xampp\htdocs\yiiblog\framework\web\CWebApplication.php(141): CWebApplication->runController('comment/admin')
#9 C:\xampp\htdocs\yiiblog\framework\base\CApplication.php(185): CWebApplication->processRequest()
#10 C:\xampp\htdocs\yiiblog\index.php(13): CApplication->run()
#11 {main}
REQUEST_URI=/index.php/comment/admin
HTTP_REFERER=http://localhost:8080/index.php/comment/create
---
2025/02/24 16:48:51 [error] [exception.CHttpException.403] CHttpException: You are not authorized to perform this action. in C:\xampp\htdocs\yiiblog\framework\web\auth\CAccessControlFilter.php:183
Stack trace:
#0 C:\xampp\htdocs\yiiblog\framework\web\auth\CAccessControlFilter.php(145): CAccessControlFilter->accessDenied(Object(CWebUser), 'You are not aut...')
#1 C:\xampp\htdocs\yiiblog\framework\web\filters\CFilter.php(38): CAccessControlFilter->preFilter(Object(CFilterChain))
#2 C:\xampp\htdocs\yiiblog\framework\web\CController.php(1148): CFilter->filter(Object(CFilterChain))
#3 C:\xampp\htdocs\yiiblog\framework\web\filters\CInlineFilter.php(58): CController->filterAccessControl(Object(CFilterChain))
#4 C:\xampp\htdocs\yiiblog\framework\web\filters\CFilterChain.php(131): CInlineFilter->filter(Object(CFilterChain))
#5 C:\xampp\htdocs\yiiblog\framework\web\CController.php(291): CFilterChain->run()
#6 C:\xampp\htdocs\yiiblog\framework\web\CController.php(265): CController->runActionWithFilters(Object(CInlineAction), Array)
#7 C:\xampp\htdocs\yiiblog\framework\web\CWebApplication.php(282): CController->run('admin')
#8 C:\xampp\htdocs\yiiblog\framework\web\CWebApplication.php(141): CWebApplication->runController('post/admin')
#9 C:\xampp\htdocs\yiiblog\framework\base\CApplication.php(185): CWebApplication->processRequest()
#10 C:\xampp\htdocs\yiiblog\index.php(13): CApplication->run()
#11 {main}
REQUEST_URI=/index.php/post/admin
HTTP_REFERER=http://localhost:8080/index.php/post/create
---
2025/02/24 16:49:29 [error] [exception.CHttpException.403] CHttpException: You are not authorized to perform this action. in C:\xampp\htdocs\yiiblog\framework\web\auth\CAccessControlFilter.php:183
Stack trace:
#0 C:\xampp\htdocs\yiiblog\framework\web\auth\CAccessControlFilter.php(145): CAccessControlFilter->accessDenied(Object(CWebUser), 'You are not aut...')
#1 C:\xampp\htdocs\yiiblog\framework\web\filters\CFilter.php(38): CAccessControlFilter->preFilter(Object(CFilterChain))
#2 C:\xampp\htdocs\yiiblog\framework\web\CController.php(1148): CFilter->filter(Object(CFilterChain))
#3 C:\xampp\htdocs\yiiblog\framework\web\filters\CInlineFilter.php(58): CController->filterAccessControl(Object(CFilterChain))
#4 C:\xampp\htdocs\yiiblog\framework\web\filters\CFilterChain.php(131): CInlineFilter->filter(Object(CFilterChain))
#5 C:\xampp\htdocs\yiiblog\framework\web\CController.php(291): CFilterChain->run()
#6 C:\xampp\htdocs\yiiblog\framework\web\CController.php(265): CController->runActionWithFilters(Object(CInlineAction), Array)
#7 C:\xampp\htdocs\yiiblog\framework\web\CWebApplication.php(282): CController->run('create')
#8 C:\xampp\htdocs\yiiblog\framework\web\CWebApplication.php(141): CWebApplication->runController('post/create')
#9 C:\xampp\htdocs\yiiblog\framework\base\CApplication.php(185): CWebApplication->processRequest()
#10 C:\xampp\htdocs\yiiblog\index.php(13): CApplication->run()
#11 {main}
REQUEST_URI=/index.php/post/create
HTTP_REFERER=http://localhost:8080/index.php/post
---
2025/02/24 16:49:30 [error] [exception.CHttpException.403] CHttpException: You are not authorized to perform this action. in C:\xampp\htdocs\yiiblog\framework\web\auth\CAccessControlFilter.php:183
Stack trace:
#0 C:\xampp\htdocs\yiiblog\framework\web\auth\CAccessControlFilter.php(145): CAccessControlFilter->accessDenied(Object(CWebUser), 'You are not aut...')
#1 C:\xampp\htdocs\yiiblog\framework\web\filters\CFilter.php(38): CAccessControlFilter->preFilter(Object(CFilterChain))
#2 C:\xampp\htdocs\yiiblog\framework\web\CController.php(1148): CFilter->filter(Object(CFilterChain))
#3 C:\xampp\htdocs\yiiblog\framework\web\filters\CInlineFilter.php(58): CController->filterAccessControl(Object(CFilterChain))
#4 C:\xampp\htdocs\yiiblog\framework\web\filters\CFilterChain.php(131): CInlineFilter->filter(Object(CFilterChain))
#5 C:\xampp\htdocs\yiiblog\framework\web\CController.php(291): CFilterChain->run()
#6 C:\xampp\htdocs\yiiblog\framework\web\CController.php(265): CController->runActionWithFilters(Object(CInlineAction), Array)
#7 C:\xampp\htdocs\yiiblog\framework\web\CWebApplication.php(282): CController->run('create')
#8 C:\xampp\htdocs\yiiblog\framework\web\CWebApplication.php(141): CWebApplication->runController('post/create')
#9 C:\xampp\htdocs\yiiblog\framework\base\CApplication.php(185): CWebApplication->processRequest()
#10 C:\xampp\htdocs\yiiblog\index.php(13): CApplication->run()
#11 {main}
REQUEST_URI=/index.php/post/create
HTTP_REFERER=http://localhost:8080/index.php/post
---
2025/02/24 16:49:30 [error] [exception.CHttpException.403] CHttpException: You are not authorized to perform this action. in C:\xampp\htdocs\yiiblog\framework\web\auth\CAccessControlFilter.php:183
Stack trace:
#0 C:\xampp\htdocs\yiiblog\framework\web\auth\CAccessControlFilter.php(145): CAccessControlFilter->accessDenied(Object(CWebUser), 'You are not aut...')
#1 C:\xampp\htdocs\yiiblog\framework\web\filters\CFilter.php(38): CAccessControlFilter->preFilter(Object(CFilterChain))
#2 C:\xampp\htdocs\yiiblog\framework\web\CController.php(1148): CFilter->filter(Object(CFilterChain))
#3 C:\xampp\htdocs\yiiblog\framework\web\filters\CInlineFilter.php(58): CController->filterAccessControl(Object(CFilterChain))
#4 C:\xampp\htdocs\yiiblog\framework\web\filters\CFilterChain.php(131): CInlineFilter->filter(Object(CFilterChain))
#5 C:\xampp\htdocs\yiiblog\framework\web\CController.php(291): CFilterChain->run()
#6 C:\xampp\htdocs\yiiblog\framework\web\CController.php(265): CController->runActionWithFilters(Object(CInlineAction), Array)
#7 C:\xampp\htdocs\yiiblog\framework\web\CWebApplication.php(282): CController->run('create')
#8 C:\xampp\htdocs\yiiblog\framework\web\CWebApplication.php(141): CWebApplication->runController('post/create')
#9 C:\xampp\htdocs\yiiblog\framework\base\CApplication.php(185): CWebApplication->processRequest()
#10 C:\xampp\htdocs\yiiblog\index.php(13): CApplication->run()
#11 {main}
REQUEST_URI=/index.php/post/create
HTTP_REFERER=http://localhost:8080/index.php/post
---
2025/02/24 16:49:33 [error] [exception.CHttpException.403] CHttpException: You are not authorized to perform this action. in C:\xampp\htdocs\yiiblog\framework\web\auth\CAccessControlFilter.php:183
Stack trace:
#0 C:\xampp\htdocs\yiiblog\framework\web\auth\CAccessControlFilter.php(145): CAccessControlFilter->accessDenied(Object(CWebUser), 'You are not aut...')
#1 C:\xampp\htdocs\yiiblog\framework\web\filters\CFilter.php(38): CAccessControlFilter->preFilter(Object(CFilterChain))
#2 C:\xampp\htdocs\yiiblog\framework\web\CController.php(1148): CFilter->filter(Object(CFilterChain))
#3 C:\xampp\htdocs\yiiblog\framework\web\filters\CInlineFilter.php(58): CController->filterAccessControl(Object(CFilterChain))
#4 C:\xampp\htdocs\yiiblog\framework\web\filters\CFilterChain.php(131): CInlineFilter->filter(Object(CFilterChain))
#5 C:\xampp\htdocs\yiiblog\framework\web\CController.php(291): CFilterChain->run()
#6 C:\xampp\htdocs\yiiblog\framework\web\CController.php(265): CController->runActionWithFilters(Object(CInlineAction), Array)
#7 C:\xampp\htdocs\yiiblog\framework\web\CWebApplication.php(282): CController->run('create')
#8 C:\xampp\htdocs\yiiblog\framework\web\CWebApplication.php(141): CWebApplication->runController('post/create')
#9 C:\xampp\htdocs\yiiblog\framework\base\CApplication.php(185): CWebApplication->processRequest()
#10 C:\xampp\htdocs\yiiblog\index.php(13): CApplication->run()
#11 {main}
REQUEST_URI=/index.php/post/create
HTTP_REFERER=http://localhost:8080/index.php/post
---
2025/03/15 03:39:11 [error] [exception.CHttpException.403] CHttpException: You are not authorized to perform this action. in C:\xampp\htdocs\yiiblog\framework\web\auth\CAccessControlFilter.php:183
Stack trace:
#0 C:\xampp\htdocs\yiiblog\framework\web\auth\CAccessControlFilter.php(145): CAccessControlFilter->accessDenied(Object(CWebUser), 'You are not aut...')
#1 C:\xampp\htdocs\yiiblog\framework\web\filters\CFilter.php(38): CAccessControlFilter->preFilter(Object(CFilterChain))
#2 C:\xampp\htdocs\yiiblog\framework\web\CController.php(1148): CFilter->filter(Object(CFilterChain))
#3 C:\xampp\htdocs\yiiblog\framework\web\filters\CInlineFilter.php(58): CController->filterAccessControl(Object(CFilterChain))
#4 C:\xampp\htdocs\yiiblog\framework\web\filters\CFilterChain.php(131): CInlineFilter->filter(Object(CFilterChain))
#5 C:\xampp\htdocs\yiiblog\framework\web\CController.php(291): CFilterChain->run()
#6 C:\xampp\htdocs\yiiblog\framework\web\CController.php(265): CController->runActionWithFilters(Object(CInlineAction), Array)
#7 C:\xampp\htdocs\yiiblog\framework\web\CWebApplication.php(282): CController->run('admin')
#8 C:\xampp\htdocs\yiiblog\framework\web\CWebApplication.php(141): CWebApplication->runController('comment/admin')
#9 C:\xampp\htdocs\yiiblog\framework\base\CApplication.php(185): CWebApplication->processRequest()
#10 C:\xampp\htdocs\yiiblog\index.php(13): CApplication->run()
#11 {main}
REQUEST_URI=/index.php/comment/admin
HTTP_REFERER=http://localhost:8080/index.php/comment/create
---
